# JRE version: OpenJDK Runtime Environment (11.0.11+9) (build 11.0.11+9-b60-7590822)
# Java VM: OpenJDK 64-Bit Server VM (11.0.11+9-b60-7590822, mixed mode, tiered, compressed oops, g1 gc, windows-amd64)
Heap:
 garbage-first heap   total 225280K, used 176580K [0x0000000080000000, 0x0000000100000000)
  region size 1024K, 53 young (54272K), 2 survivors (2048K)
 Metaspace       used 126976K, capacity 131429K, committed 131612K, reserved 1163264K
  class space    used 16241K, capacity 17882K, committed 17996K, reserved 1048576K
GC Heap History (20 events):
Event: 850.403 GC heap before
{Heap before GC invocations=52 (full 0):
 garbage-first heap   total 225280K, used 136581K [0x0000000080000000, 0x0000000100000000)
  region size 1024K, 11 young (11264K), 3 survivors (3072K)
 Metaspace       used 124679K, capacity 128433K, committed 128540K, reserved 1161216K
  class space    used 15977K, capacity 17398K, committed 17484K, reserved 1048576K
}
Event: 850.433 GC heap after
{Heap after GC invocations=53 (full 0):
 garbage-first heap   total 225280K, used 120633K [0x0000000080000000, 0x0000000100000000)
  region size 1024K, 1 young (1024K), 1 survivors (1024K)
 Metaspace       used 124679K, capacity 128433K, committed 128540K, reserved 1161216K
  class space    used 15977K, capacity 17398K, committed 17484K, reserved 1048576K
}
Event: 852.552 GC heap before
{Heap before GC invocations=53 (full 0):
 garbage-first heap   total 225280K, used 176953K [0x0000000080000000, 0x0000000100000000)
  region size 1024K, 57 young (58368K), 1 survivors (1024K)
 Metaspace       used 124815K, capacity 128562K, committed 128796K, reserved 1161216K
  class space    used 15978K, capacity 17398K, committed 17484K, reserved 1048576K
}
Event: 852.613 GC heap after
{Heap after GC invocations=54 (full 0):
 garbage-first heap   total 225280K, used 126353K [0x0000000080000000, 0x0000000100000000)
  region size 1024K, 7 young (7168K), 7 survivors (7168K)
 Metaspace       used 124815K, capacity 128562K, committed 128796K, reserved 1161216K
  class space    used 15978K, capacity 17398K, committed 17484K, reserved 1048576K
}
Event: 960.327 GC heap before
{Heap before GC invocations=55 (full 0):
 garbage-first heap   total 225280K, used 192913K [0x0000000080000000, 0x0000000100000000)
  region size 1024K, 60 young (61440K), 7 survivors (7168K)
 Metaspace       used 125101K, capacity 128813K, committed 129052K, reserved 1161216K
  class space    used 15985K, capacity 17409K, committed 17484K, reserved 1048576K
}
Event: 960.360 GC heap after
{Heap after GC invocations=56 (full 0):
 garbage-first heap   total 225280K, used 127756K [0x0000000080000000, 0x0000000100000000)
  region size 1024K, 4 young (4096K), 4 survivors (4096K)
 Metaspace       used 125101K, capacity 128813K, committed 129052K, reserved 1161216K
  class space    used 15985K, capacity 17409K, committed 17484K, reserved 1048576K
}
Event: 960.569 GC heap before
{Heap before GC invocations=56 (full 0):
 garbage-first heap   total 225280K, used 134924K [0x0000000080000000, 0x0000000100000000)
  region size 1024K, 11 young (11264K), 4 survivors (4096K)
 Metaspace       used 125148K, capacity 128867K, committed 129052K, reserved 1161216K
  class space    used 15990K, capacity 17418K, committed 17484K, reserved 1048576K
}
Event: 960.598 GC heap after
{Heap after GC invocations=57 (full 0):
 garbage-first heap   total 225280K, used 121964K [0x0000000080000000, 0x0000000100000000)
  region size 1024K, 2 young (2048K), 2 survivors (2048K)
 Metaspace       used 125148K, capacity 128867K, committed 129052K, reserved 1161216K
  class space    used 15990K, capacity 17418K, committed 17484K, reserved 1048576K
}
Event: 964.350 GC heap before
{Heap before GC invocations=57 (full 0):
 garbage-first heap   total 225280K, used 179308K [0x0000000080000000, 0x0000000100000000)
  region size 1024K, 59 young (60416K), 2 survivors (2048K)
 Metaspace       used 125801K, capacity 129769K, committed 129948K, reserved 1161216K
  class space    used 16078K, capacity 17581K, committed 17612K, reserved 1048576K
}
Event: 964.400 GC heap after
{Heap after GC invocations=58 (full 0):
 garbage-first heap   total 225280K, used 127189K [0x0000000080000000, 0x0000000100000000)
  region size 1024K, 7 young (7168K), 7 survivors (7168K)
 Metaspace       used 125801K, capacity 129769K, committed 129948K, reserved 1161216K
  class space    used 16078K, capacity 17581K, committed 17612K, reserved 1048576K
}
Event: 1058.637 GC heap before
{Heap before GC invocations=59 (full 0):
 garbage-first heap   total 225280K, used 195797K [0x0000000080000000, 0x0000000100000000)
  region size 1024K, 62 young (63488K), 7 survivors (7168K)
 Metaspace       used 125933K, capacity 129908K, committed 129948K, reserved 1161216K
  class space    used 16079K, capacity 17583K, committed 17612K, reserved 1048576K
}
Event: 1058.670 GC heap after
{Heap after GC invocations=60 (full 0):
 garbage-first heap   total 225280K, used 129802K [0x0000000080000000, 0x0000000100000000)
  region size 1024K, 5 young (5120K), 5 survivors (5120K)
 Metaspace       used 125933K, capacity 129908K, committed 129948K, reserved 1161216K
  class space    used 16079K, capacity 17583K, committed 17612K, reserved 1048576K
}
Event: 1058.878 GC heap before
{Heap before GC invocations=60 (full 0):
 garbage-first heap   total 225280K, used 135946K [0x0000000080000000, 0x0000000100000000)
  region size 1024K, 11 young (11264K), 5 survivors (5120K)
 Metaspace       used 125951K, capacity 129978K, committed 130204K, reserved 1161216K
  class space    used 16079K, capacity 17584K, committed 17612K, reserved 1048576K
}
Event: 1058.914 GC heap after
{Heap after GC invocations=61 (full 0):
 garbage-first heap   total 225280K, used 124734K [0x0000000080000000, 0x0000000100000000)
  region size 1024K, 2 young (2048K), 2 survivors (2048K)
 Metaspace       used 125951K, capacity 129978K, committed 130204K, reserved 1161216K
  class space    used 16079K, capacity 17584K, committed 17612K, reserved 1048576K
}
Event: 1063.466 GC heap before
{Heap before GC invocations=61 (full 0):
 garbage-first heap   total 225280K, used 181054K [0x0000000080000000, 0x0000000100000000)
  region size 1024K, 58 young (59392K), 2 survivors (2048K)
 Metaspace       used 126034K, capacity 130047K, committed 130204K, reserved 1161216K
  class space    used 16080K, capacity 17584K, committed 17612K, reserved 1048576K
}
Event: 1063.499 GC heap after
{Heap after GC invocations=62 (full 0):
 garbage-first heap   total 225280K, used 128806K [0x0000000080000000, 0x0000000100000000)
  region size 1024K, 6 young (6144K), 6 survivors (6144K)
 Metaspace       used 126034K, capacity 130047K, committed 130204K, reserved 1161216K
  class space    used 16080K, capacity 17584K, committed 17612K, reserved 1048576K
}
Event: 1269.244 GC heap before
{Heap before GC invocations=63 (full 0):
 garbage-first heap   total 225280K, used 198438K [0x0000000080000000, 0x0000000100000000)
  region size 1024K, 61 young (62464K), 6 survivors (6144K)
 Metaspace       used 126505K, capacity 130711K, committed 130844K, reserved 1163264K
  class space    used 16131K, capacity 17678K, committed 17740K, reserved 1048576K
}
Event: 1269.280 GC heap after
{Heap after GC invocations=64 (full 0):
 garbage-first heap   total 225280K, used 133486K [0x0000000080000000, 0x0000000100000000)
  region size 1024K, 6 young (6144K), 6 survivors (6144K)
 Metaspace       used 126505K, capacity 130711K, committed 130844K, reserved 1163264K
  class space    used 16131K, capacity 17678K, committed 17740K, reserved 1048576K
}
Event: 1269.450 GC heap before
{Heap before GC invocations=64 (full 0):
 garbage-first heap   total 225280K, used 138606K [0x0000000080000000, 0x0000000100000000)
  region size 1024K, 11 young (11264K), 6 survivors (6144K)
 Metaspace       used 126563K, capacity 130794K, committed 130844K, reserved 1163264K
  class space    used 16144K, capacity 17702K, committed 17740K, reserved 1048576K
}
Event: 1269.480 GC heap after
{Heap after GC invocations=65 (full 0):
 garbage-first heap   total 225280K, used 126404K [0x0000000080000000, 0x0000000100000000)
  region size 1024K, 2 young (2048K), 2 survivors (2048K)
 Metaspace       used 126563K, capacity 130794K, committed 130844K, reserved 1163264K
  class space    used 16144K, capacity 17702K, committed 17740K, reserved 1048576K
}

